# JRE version: OpenJDK Runtime Environment (11.0.13) (build 11.0.13+0-b1751.21-8125866)
# Java VM: OpenJDK 64-Bit Server VM (11.0.13+0-b1751.21-8125866, mixed mode, tiered, compressed oops, g1 gc, windows-amd64)
Heap:
 garbage-first heap   total 192512K, used 120177K [0x0000000080000000, 0x0000000100000000)
  region size 1024K, 2 young (2048K), 2 survivors (2048K)
 Metaspace       used 92266K, capacity 94389K, committed 94600K, reserved 1132544K
  class space    used 11713K, capacity 12552K, committed 12672K, reserved 1048576K
GC Heap History (20 events):
Event: 78.151 GC heap before
{Heap before GC invocations=38 (full 0):
 garbage-first heap   total 131072K, used 112752K [0x0000000080000000, 0x0000000100000000)
  region size 1024K, 7 young (7168K), 1 survivors (1024K)
 Metaspace       used 90581K, capacity 92619K, committed 92936K, reserved 1130496K
  class space    used 11601K, capacity 12410K, committed 12544K, reserved 1048576K
}
Event: 78.154 GC heap after
{Heap after GC invocations=39 (full 0):
 garbage-first heap   total 131072K, used 107701K [0x0000000080000000, 0x0000000100000000)
  region size 1024K, 1 young (1024K), 1 survivors (1024K)
 Metaspace       used 90581K, capacity 92619K, committed 92936K, reserved 1130496K
  class space    used 11601K, capacity 12410K, committed 12544K, reserved 1048576K
}
Event: 78.300 GC heap before
{Heap before GC invocations=40 (full 0):
 garbage-first heap   total 131072K, used 112821K [0x0000000080000000, 0x0000000100000000)
  region size 1024K, 6 young (6144K), 1 survivors (1024K)
 Metaspace       used 90651K, capacity 92688K, committed 92936K, reserved 1130496K
  class space    used 11607K, capacity 12411K, committed 12544K, reserved 1048576K
}
Event: 78.303 GC heap after
{Heap after GC invocations=41 (full 0):
 garbage-first heap   total 131072K, used 108544K [0x0000000080000000, 0x0000000100000000)
  region size 1024K, 1 young (1024K), 1 survivors (1024K)
 Metaspace       used 90651K, capacity 92688K, committed 92936K, reserved 1130496K
  class space    used 11607K, capacity 12411K, committed 12544K, reserved 1048576K
}
Event: 78.718 GC heap before
{Heap before GC invocations=41 (full 0):
 garbage-first heap   total 131072K, used 112640K [0x0000000080000000, 0x0000000100000000)
  region size 1024K, 6 young (6144K), 1 survivors (1024K)
 Metaspace       used 90663K, capacity 92689K, committed 92936K, reserved 1130496K
  class space    used 11607K, capacity 12411K, committed 12544K, reserved 1048576K
}
Event: 78.720 GC heap after
{Heap after GC invocations=42 (full 0):
 garbage-first heap   total 131072K, used 108493K [0x0000000080000000, 0x0000000100000000)
  region size 1024K, 1 young (1024K), 1 survivors (1024K)
 Metaspace       used 90663K, capacity 92689K, committed 92936K, reserved 1130496K
  class space    used 11607K, capacity 12411K, committed 12544K, reserved 1048576K
}
Event: 78.773 GC heap before
{Heap before GC invocations=42 (full 0):
 garbage-first heap   total 131072K, used 113613K [0x0000000080000000, 0x0000000100000000)
  region size 1024K, 6 young (6144K), 1 survivors (1024K)
 Metaspace       used 90686K, capacity 92785K, committed 93192K, reserved 1130496K
  class space    used 11609K, capacity 12443K, committed 12544K, reserved 1048576K
}
Event: 78.776 GC heap after
{Heap after GC invocations=43 (full 0):
 garbage-first heap   total 131072K, used 110210K [0x0000000080000000, 0x0000000100000000)
  region size 1024K, 1 young (1024K), 1 survivors (1024K)
 Metaspace       used 90686K, capacity 92785K, committed 93192K, reserved 1130496K
  class space    used 11609K, capacity 12443K, committed 12544K, reserved 1048576K
}
Event: 78.838 GC heap before
{Heap before GC invocations=43 (full 0):
 garbage-first heap   total 131072K, used 122498K [0x0000000080000000, 0x0000000100000000)
  region size 1024K, 6 young (6144K), 1 survivors (1024K)
 Metaspace       used 90693K, capacity 92785K, committed 93192K, reserved 1130496K
  class space    used 11609K, capacity 12443K, committed 12544K, reserved 1048576K
}
Event: 78.842 GC heap after
{Heap after GC invocations=44 (full 0):
 garbage-first heap   total 131072K, used 117065K [0x0000000080000000, 0x0000000100000000)
  region size 1024K, 1 young (1024K), 1 survivors (1024K)
 Metaspace       used 90693K, capacity 92785K, committed 93192K, reserved 1130496K
  class space    used 11609K, capacity 12443K, committed 12544K, reserved 1048576K
}
Event: 78.892 GC heap before
{Heap before GC invocations=45 (full 0):
 garbage-first heap   total 131072K, used 129353K [0x0000000080000000, 0x0000000100000000)
  region size 1024K, 4 young (4096K), 1 survivors (1024K)
 Metaspace       used 90888K, capacity 92937K, committed 93192K, reserved 1130496K
  class space    used 11622K, capacity 12447K, committed 12544K, reserved 1048576K
}
Event: 78.895 GC heap after
{Heap after GC invocations=46 (full 0):
 garbage-first heap   total 133120K, used 113736K [0x0000000080000000, 0x0000000100000000)
  region size 1024K, 1 young (1024K), 1 survivors (1024K)
 Metaspace       used 90888K, capacity 92937K, committed 93192K, reserved 1130496K
  class space    used 11622K, capacity 12447K, committed 12544K, reserved 1048576K
}
Event: 78.928 GC heap before
{Heap before GC invocations=46 (full 0):
 garbage-first heap   total 133120K, used 117832K [0x0000000080000000, 0x0000000100000000)
  region size 1024K, 6 young (6144K), 1 survivors (1024K)
 Metaspace       used 91007K, capacity 93104K, committed 93448K, reserved 1130496K
  class space    used 11630K, capacity 12454K, committed 12544K, reserved 1048576K
}
Event: 78.930 GC heap after
{Heap after GC invocations=47 (full 0):
 garbage-first heap   total 133120K, used 114206K [0x0000000080000000, 0x0000000100000000)
  region size 1024K, 1 young (1024K), 1 survivors (1024K)
 Metaspace       used 91007K, capacity 93104K, committed 93448K, reserved 1130496K
  class space    used 11630K, capacity 12454K, committed 12544K, reserved 1048576K
}
Event: 78.956 GC heap before
{Heap before GC invocations=47 (full 0):
 garbage-first heap   total 133120K, used 119326K [0x0000000080000000, 0x0000000100000000)
  region size 1024K, 6 young (6144K), 1 survivors (1024K)
 Metaspace       used 91036K, capacity 93174K, committed 93448K, reserved 1130496K
  class space    used 11631K, capacity 12455K, committed 12544K, reserved 1048576K
}
Event: 78.958 GC heap after
{Heap after GC invocations=48 (full 0):
 garbage-first heap   total 133120K, used 115386K [0x0000000080000000, 0x0000000100000000)
  region size 1024K, 1 young (1024K), 1 survivors (1024K)
 Metaspace       used 91036K, capacity 93174K, committed 93448K, reserved 1130496K
  class space    used 11631K, capacity 12455K, committed 12544K, reserved 1048576K
}
Event: 78.980 GC heap before
{Heap before GC invocations=48 (full 0):
 garbage-first heap   total 133120K, used 120506K [0x0000000080000000, 0x0000000100000000)
  region size 1024K, 6 young (6144K), 1 survivors (1024K)
 Metaspace       used 91087K, capacity 93174K, committed 93448K, reserved 1130496K
  class space    used 11633K, capacity 12455K, committed 12544K, reserved 1048576K
}
Event: 78.983 GC heap after
{Heap after GC invocations=49 (full 0):
 garbage-first heap   total 159744K, used 116554K [0x0000000080000000, 0x0000000100000000)
  region size 1024K, 1 young (1024K), 1 survivors (1024K)
 Metaspace       used 91087K, capacity 93174K, committed 93448K, reserved 1130496K
  class space    used 11633K, capacity 12455K, committed 12544K, reserved 1048576K
}
Event: 79.101 GC heap before
{Heap before GC invocations=49 (full 0):
 garbage-first heap   total 159744K, used 127818K [0x0000000080000000, 0x0000000100000000)
  region size 1024K, 12 young (12288K), 1 survivors (1024K)
 Metaspace       used 91307K, capacity 93494K, committed 93704K, reserved 1130496K
  class space    used 11645K, capacity 12455K, committed 12544K, reserved 1048576K
}
Event: 79.104 GC heap after
{Heap after GC invocations=50 (full 0):
 garbage-first heap   total 159744K, used 118779K [0x0000000080000000, 0x0000000100000000)
  region size 1024K, 2 young (2048K), 2 survivors (2048K)
 Metaspace       used 91307K, capacity 93494K, committed 93704K, reserved 1130496K
  class space    used 11645K, capacity 12455K, committed 12544K, reserved 1048576K
}

